<?xml version="1.0" encoding="UTF-8"?>
<!-- Generated by org.testng.reporters.JUnitReportReporter -->
<testsuite hostname="MT-63K15L3" failures="0" tests="1" name="com.mindtree.com.ComprahensiveBDDProject.AppTest" time="0.009" errors="0" timestamp="2022-07-30T14:55:45 IST" skipped="0">
  <testcase classname="com.mindtree.com.ComprahensiveBDDProject.AppTest" name="shouldAnswerWithTrue" time="0.009"/>
  <system-out/>
</testsuite> <!-- com.mindtree.com.ComprahensiveBDDProject.AppTest -->
